<?xml version="1.0" encoding="UTF-8"?>
<testsuite name="ru.stqa.pft.sandbox.SquareTests" tests="1" skipped="0" failures="0" errors="0" timestamp="2020-01-08T19:03:55" hostname="DESKTOP-VH2UG0E" time="0.011">
  <properties/>
  <testcase name="distanceBetweenPoints" classname="ru.stqa.pft.sandbox.SquareTests" time="0.011"/>
  <system-out><![CDATA[]]></system-out>
  <system-err><![CDATA[]]></system-err>
</testsuite>
