<?xml version="1.0" encoding="UTF-8"?>
<testsuite name="ru.stqa.pft.adressbook.ContactCreationTest" tests="1" skipped="0" failures="0" errors="0" timestamp="2020-01-28T15:32:37" hostname="DESKTOP-VH2UG0E" time="5.686">
  <properties/>
  <testcase name="testUntitledTestCase" classname="ru.stqa.pft.adressbook.ContactCreationTest" time="5.686"/>
  <system-out><![CDATA[]]></system-out>
  <system-err><![CDATA[Starting ChromeDriver 79.0.3945.36 (3582db32b33893869b8c1339e8f4d9ed1816f143-refs/branch-heads/3945@{#614}) on port 28723
Only local connections are allowed.
Please protect ports used by ChromeDriver and related test frameworks to prevent access by malicious code.
[1580225555.743][WARNING]: Timed out connecting to Chrome, retrying...
янв. 28, 2020 6:32:37 PM org.openqa.selenium.remote.ProtocolHandshake createSession
INFO: Detected dialect: W3C
]]></system-err>
</testsuite>
