<?xml version="1.0" encoding="UTF-8"?>
<testsuite name="ru.stqa.pft.adressbook.GroupCreationTests" tests="1" skipped="0" failures="0" errors="0" timestamp="2020-01-22T18:54:20" hostname="DESKTOP-VH2UG0E" time="3.397">
  <properties/>
  <testcase name="testGroupCreationTests" classname="ru.stqa.pft.adressbook.GroupCreationTests" time="3.397"/>
  <system-out><![CDATA[]]></system-out>
  <system-err><![CDATA[Starting ChromeDriver 79.0.3945.36 (3582db32b33893869b8c1339e8f4d9ed1816f143-refs/branch-heads/3945@{#614}) on port 5008
Only local connections are allowed.
Please protect ports used by ChromeDriver and related test frameworks to prevent access by malicious code.
[1579719258.417][WARNING]: Timed out connecting to Chrome, retrying...
янв. 22, 2020 9:54:20 PM org.openqa.selenium.remote.ProtocolHandshake createSession
INFO: Detected dialect: W3C
]]></system-err>
</testsuite>
