<?xml version="1.0" encoding="UTF-8"?>
<testsuite name="ru.stqa.pft.adressbook.ContactCreationTest" tests="1" skipped="0" failures="0" errors="0" timestamp="2020-01-28T16:23:52" hostname="DESKTOP-VH2UG0E" time="4.062">
  <properties/>
  <testcase name="testContactCreation" classname="ru.stqa.pft.adressbook.ContactCreationTest" time="4.062"/>
  <system-out><![CDATA[]]></system-out>
  <system-err><![CDATA[Starting ChromeDriver 79.0.3945.36 (3582db32b33893869b8c1339e8f4d9ed1816f143-refs/branch-heads/3945@{#614}) on port 20700
Only local connections are allowed.
Please protect ports used by ChromeDriver and related test frameworks to prevent access by malicious code.
[1580228628.545][WARNING]: Timed out connecting to Chrome, retrying...
янв. 28, 2020 7:23:50 PM org.openqa.selenium.remote.ProtocolHandshake createSession
INFO: Detected dialect: W3C
]]></system-err>
</testsuite>
