<?xml version="1.0" encoding="UTF-8"?>
<testsuite name="ru.stqa.pft.adressbook.tests.GroupCreationTests" tests="4" skipped="4" failures="0" errors="0" timestamp="2020-03-29T19:36:56" hostname="DESKTOP-VH2UG0E" time="0.007">
  <properties/>
  <testcase name="testGroupCreation" classname="ru.stqa.pft.adressbook.tests.GroupCreationTests" time="0.0">
    <skipped/>
  </testcase>
  <testcase name="testGroupCreation" classname="ru.stqa.pft.adressbook.tests.GroupCreationTests" time="0.0">
    <skipped/>
  </testcase>
  <testcase name="testGroupCreation" classname="ru.stqa.pft.adressbook.tests.GroupCreationTests" time="0.0">
    <skipped/>
  </testcase>
  <testcase name="testGroupCreationBad" classname="ru.stqa.pft.adressbook.tests.GroupCreationTests" time="0.0">
    <skipped/>
  </testcase>
  <system-out><![CDATA[]]></system-out>
  <system-err><![CDATA[]]></system-err>
</testsuite>
